SF:lib\provider\match_provider.dart
DA:8,1
DA:12,2
DA:14,1
DA:16,2
DA:17,2
DA:18,1
DA:20,3
DA:21,1
LF:8
LH:8
end_of_record
SF:lib\service\match_expression.dart
DA:8,1
DA:10,2
DA:11,2
DA:12,1
LF:4
LH:4
end_of_record
SF:lib\static\evaluate_formula_state.dart
DA:8,2
DA:10,1
DA:11,2
DA:17,2
DA:19,1
DA:20,2
DA:27,0
DA:29,0
DA:30,0
LF:9
LH:6
end_of_record
SF:lib\screen\home\widgets\formula_field_widget.dart
DA:4,2
DA:11,2
DA:13,2
DA:14,2
DA:15,2
DA:16,2
DA:20,2
DA:21,2
LF:8
LH:8
end_of_record
SF:lib\screen\home\home_screen.dart
DA:10,1
DA:12,1
DA:13,1
DA:19,1
DA:21,1
DA:22,1
DA:24,3
DA:27,1
DA:29,1
DA:31,1
DA:32,1
DA:34,1
DA:37,1
DA:39,2
DA:51,1
DA:52,2
DA:53,2
DA:55,1
DA:56,1
LF:19
LH:19
end_of_record
SF:lib\screen\home\widgets\action_button_widget.dart
DA:6,1
DA:8,1
DA:10,1
DA:11,1
DA:12,1
LF:5
LH:5
end_of_record
SF:lib\screen\home\widgets\result_text_widget.dart
DA:7,2
DA:15,1
DA:17,1
DA:18,1
DA:19,1
DA:20,2
DA:21,2
DA:24,1
DA:25,2
DA:29,1
LF:10
LH:10
end_of_record
